
> web-ui@0.1.0 build
> craco build

(node:34341) [DEP0176] DeprecationWarning: fs.F_OK is deprecated, use fs.constants.F_OK instead
(Use `node --trace-deprecation ...` to show where the warning was created)
Creating an optimized production build...
Compiled with warnings.

[eslint] 
src/pages/ProfilePage.tsx
  Line 23:6:  React Hook useEffect has a missing dependency: 'fetchProfile'. Either include it or remove the dependency array  react-hooks/exhaustive-deps

Search for the keywords to learn more about each warning.
To ignore, add // eslint-disable-next-line to the line before.

File sizes after gzip:

  86.63 kB  build/static/js/main.8c9eb625.js
  4.83 kB   build/static/css/main.af6dcf5e.css
  1.77 kB   build/static/js/453.53dd56aa.chunk.js

The project was built assuming it is hosted at /.
You can control this with the homepage field in your package.json.

The build folder is ready to be deployed.
You may serve it with a static server:

  npm install -g serve
  serve -s build

Find out more about deployment here:

  https://cra.link/deployment

